<?xml version="1.0" encoding="UTF-8"?>
<!-- Generated by org.testng.reporters.JUnitXMLReporter -->
<testsuite ignored="0" hostname="LAPTOP-KKSC4670" failures="1" tests="1" name="Tests5" time="68.067" errors="0" timestamp="2021-02-18T08:34:57 IST">
  <testcase classname="testcases.EmployTest" name="Login" time="32.768">
    <failure type="java.lang.AssertionError" message="expected [Jacqueline Whit] but found [Jacqueline White]">
      <![CDATA[java.lang.AssertionError: expected [Jacqueline Whit] but found [Jacqueline White]
at pageobjects.HomePage.accountVerification(HomePage.java:42)
at testcases.EmployTest.Login(EmployTest.java:18)
at java.base/java.util.ArrayList.forEach(ArrayList.java:1511)
at java.base/java.util.concurrent.FutureTask.run(FutureTask.java:264)
at java.base/java.util.concurrent.ThreadPoolExecutor.runWorker(ThreadPoolExecutor.java:1130)
at java.base/java.util.concurrent.ThreadPoolExecutor$Worker.run(ThreadPoolExecutor.java:630)
at java.base/java.lang.Thread.run(Thread.java:832)
... Removed 23 stack frames]]>
    </failure>
  </testcase> <!-- Login -->
</testsuite> <!-- Tests5 -->
